<?xml version="1.0" encoding="UTF-8"?>
<!-- Generated by org.testng.reporters.JUnitReportReporter -->
<testsuite skipped="0" hostname="LAPTOP-HSPQSV91" name="com.ParkingLot.ParkingcalcTest" tests="1" failures="0" timestamp="24 Nov 2018 09:10:49 GMT" time="2.543" errors="0">
  <testcase name="ParkingvalidationTest" time="2.543" classname="com.ParkingLot.ParkingcalcTest"/>
</testsuite> <!-- com.ParkingLot.ParkingcalcTest -->
