<?xml version="1.0" encoding="UTF-8"?>
<!-- Generated by org.testng.reporters.JUnitReportReporter -->
<testsuite skipped="0" hostname="LAPTOP-HSPQSV91" name="com.ParkingLot.ParkingcalcTest" tests="1" failures="0" timestamp="04 Dec 2018 17:55:38 GMT" time="1.919" errors="0">
  <testcase name="ParkingvalidationTest" time="1.919" classname="com.ParkingLot.ParkingcalcTest"/>
</testsuite> <!-- com.ParkingLot.ParkingcalcTest -->
